<?xml version="1.0" encoding="UTF-8"?>
<!-- Generated by org.testng.reporters.JUnitXMLReporter -->
<testsuite ignored="0" hostname="LAPTOP-U2B9FVPI" failures="1" tests="1" name="Test" time="8.691" errors="0" timestamp="2025-04-27T00:36:43 IST">
  <testcase classname="testCases.AccountRegistrationTest" name="verify_account_reg" time="1.257">
    <failure type="java.lang.AssertionError" message="null">
      <![CDATA[java.lang.AssertionError: null
at testCases.AccountRegistrationTest.verify_account_reg(AccountRegistrationTest.java:58)
at java.base/java.util.ArrayList.forEach(ArrayList.java:1596)
... Removed 27 stack frames]]>
    </failure>
  </testcase> <!-- verify_account_reg -->
</testsuite> <!-- Test -->
